 Script to run Geant4 simulation
 Script started at Mon Oct  1 17:57:09 EDT 2007
 Script run in directory /afs/nd.edu/user30/mcouder/geant4/saschastuff
 User name: mcouder (Login name: mcouder)
 *******************
 Starting Geant4 run
 *******************
 Input parameters for run
1
6.8   10

 *******************
/usr/nuclear/root/bin:/afs/nd.edu/user30/mcouder/geant4/bin/Linux-g++:/opt/und/schrodinger/2006:/opt/und/schrodinger/2006/utilities:/opt/und/local/bin:/opt/und/mathematica/6.0/Executables:/opt/und/maple/11/bin:/opt/und/intel/compiler81/bin:/opt/und/pgi/6.1-2/linux86-64/6.1/bin:/afs/nd.edu/i386_linux24/opt/und/matlab/7.4/bin:/opt/und/modules/3.1.6/bin:/usr/kerberos/bin:/usr/local/bin:/bin:/usr/bin:/usr/X11R6/bin:/usr/X11R6/lib:.:/usr/nuclear/CERN/2002/bin:/usr/nuclear/hhirf:/usr/nuclear/rw01/bin:/usr/nuclear/bin:/usr/nuclear/transport:/usr/nuclear/CERN/root/bin:.:/usr/nuclear/rp/bin:/afs/nd.edu/user30/mcouder/bin:.:/afs/nd.edu/user30/mcouder/bin:.
/usr/nuclear/root/lib:/usr/X11R6/lib64:/usr/nuclear/clhep/2.0.3.1/lib:/usr/nuclear/geant/4.9.0/lib/geant4/Linux-g++:/opt/und/local/lib:/opt/und/intel/compiler81/lib:/opt/und/pgi/6.1-2/linux86-64/6.1/lib:/usr/nuclear/CERN/root/lib:/usr/nuclear/src/pgplot

*************************************************************
 Geant4 version Name: geant4-09-00    (29-June-2007)
                      Copyright : Geant4 Collaboration
                      Reference : NIM A 506 (2003), 250-303
                            WWW : http://cern.ch/geant4
*************************************************************


<<< Geant4 Physics List engine packaging library: PACK 5.3
<<< Geant4 Physics List simulation engine: QGSP_BIC_HP 1.2

NeutronHP: /Elastic/ file for Z = 6, A = 13 is not found and NeutronHP will use /usr/nuclear/geant/4.9.0/data/G4NDL3.11/Elastic///CrossSection/6_nat_Carbon
NeutronHP: /Elastic/ file for Z = 8, A = 18 is not found and NeutronHP will use /usr/nuclear/geant/4.9.0/data/G4NDL3.11/Elastic///CrossSection/8_17_Oxygen
NeutronHP: /Inelastic file for Z = 1, A = 1 is not found and NeutronHP will use /usr/nuclear/geant/4.9.0/data/G4NDL3.11/Inelastic//CrossSection/1_2_Hydrogen
NeutronHP: /Capture file for Z = 6, A = 13 is not found and NeutronHP will use /usr/nuclear/geant/4.9.0/data/G4NDL3.11/Capture//CrossSection/6_nat_Carbon
NeutronHP: /Elastic file for Z = 6, A = 13 is not found and NeutronHP will use /usr/nuclear/geant/4.9.0/data/G4NDL3.11/Elastic//CrossSection/6_nat_Carbon
NeutronHP: /Inelastic file for Z = 6, A = 13 is not found and NeutronHP will use /usr/nuclear/geant/4.9.0/data/G4NDL3.11/Inelastic//CrossSection/6_nat_Carbon
NeutronHP: /Capture file for Z = 8, A = 18 is not found and NeutronHP will use /usr/nuclear/geant/4.9.0/data/G4NDL3.11/Capture//CrossSection/8_17_Oxygen
NeutronHP: /Elastic file for Z = 8, A = 18 is not found and NeutronHP will use /usr/nuclear/geant/4.9.0/data/G4NDL3.11/Elastic//CrossSection/8_17_Oxygen
NeutronHP: /Inelastic file for Z = 8, A = 18 is not found and NeutronHP will use /usr/nuclear/geant/4.9.0/data/G4NDL3.11/Inelastic//CrossSection/8_17_Oxygen
Thank you for using G4BinaryCascade. 
Thank you for using G4BinaryCascade. 
/usr/nuclear/geant/4.9.0/data/G4NDL3.11
